{
  "stats": {
    "suites": 1,
    "tests": 1,
    "passes": 1,
    "pending": 0,
    "failures": 0,
    "start": "2024-08-22T03:43:44.645Z",
    "end": "2024-08-22T03:43:46.341Z",
    "duration": 1696,
    "testsRegistered": 1,
    "passPercent": 100,
    "pendingPercent": 0,
    "other": 0,
    "hasOther": false,
    "skipped": 0,
    "hasSkipped": false
  },
  "results": [
    {
      "uuid": "e6e6b611-9c99-41fd-bd62-a4fa17c1ef99",
      "title": "",
      "fullFile": "cypress\\e2e\\tests\\test-api\\Status.cy.js",
      "file": "cypress\\e2e\\tests\\test-api\\Status.cy.js",
      "beforeHooks": [],
      "afterHooks": [],
      "tests": [],
      "suites": [
        {
          "uuid": "e38234b2-76df-4c81-9f2f-5afd33b046e1",
          "title": "",
          "fullFile": "",
          "file": "",
          "beforeHooks": [],
          "afterHooks": [],
          "tests": [
            {
              "title": "test Api Status",
              "fullTitle": " test Api Status",
              "timedOut": null,
              "duration": 1667,
              "state": "passed",
              "speed": "fast",
              "pass": true,
              "fail": false,
              "pending": false,
              "context": null,
              "code": "cy.api({\n  method: 'GET',\n  url: '/',\n  qs: {}\n}).then(response => {\n  expect(response).to.be.an('object');\n  expect(response.status).to.eql(200);\n});",
              "err": {},
              "uuid": "1025b922-c970-4f06-ac52-ebfd9f26b8d7",
              "parentUUID": "e38234b2-76df-4c81-9f2f-5afd33b046e1",
              "isHook": false,
              "skipped": false
            }
          ],
          "suites": [],
          "passes": [
            "1025b922-c970-4f06-ac52-ebfd9f26b8d7"
          ],
          "failures": [],
          "pending": [],
          "skipped": [],
          "duration": 1667,
          "root": false,
          "rootEmpty": false,
          "_timeout": 2000
        }
      ],
      "passes": [],
      "failures": [],
      "pending": [],
      "skipped": [],
      "duration": 0,
      "root": true,
      "rootEmpty": true,
      "_timeout": 2000
    }
  ],
  "meta": {
    "mocha": {
      "version": "7.0.1"
    },
    "mochawesome": {
      "options": {
        "quiet": false,
        "reportFilename": "mochawesome",
        "saveHtml": true,
        "saveJson": true,
        "consoleReporter": "spec",
        "useInlineDiffs": false,
        "code": true
      },
      "version": "7.1.3"
    },
    "marge": {
      "options": {
        "id": "default",
        "reportDir": "cypress/test_result/mocha/edge",
        "overwrite": false,
        "html": true,
        "json": true
      },
      "version": "6.2.0"
    }
  }
}